<?xml version="1.0" encoding="UTF-8"?>
<!-- Generated by org.testng.reporters.JUnitReportReporter -->
<testsuite hostname="ShareefDell" failures="0" tests="5" name="parallel.JiraGetRequest" time="4.478" errors="0" timestamp="28 Aug 2024 10:24:45 GMT" skipped="0">
  <testcase classname="parallel.JiraGetRequest" name="sendGetRequest" time="2.898"/>
  <testcase classname="parallel.JiraGetRequest" name="verifyStatusCode" time="0.005"/>
  <testcase classname="parallel.JiraGetRequest" name="verifyStatusLine" time="0.002"/>
  <testcase classname="parallel.JiraGetRequest" name="verifyHeader" time="0.003"/>
  <testcase classname="parallel.JiraGetRequest" name="verifyBody" time="1.570"/>
</testsuite> <!-- parallel.JiraGetRequest -->
