<?xml version="1.0" encoding="UTF-8"?>
<!-- Generated by org.testng.reporters.JUnitReportReporter -->
<testsuite hostname="ShareefDell" failures="0" tests="1" name="practice.Digest_Auth_Example2" time="1.599" errors="0" timestamp="30 Aug 2024 13:51:45 GMT" skipped="0">
  <testcase classname="practice.Digest_Auth_Example2" name="digestAuth" time="1.599"/>
</testsuite> <!-- practice.Digest_Auth_Example2 -->
