<?xml version="1.0" encoding="UTF-8"?>
<!-- Generated by org.testng.reporters.JUnitReportReporter -->
<testsuite hostname="ShareefDell" failures="0" tests="9" name="testNGExamples.TestExample1" time="5.796" errors="0" timestamp="28 Aug 2024 10:11:35 GMT" skipped="0">
  <testcase classname="testNGExamples.TestExample1" name="createRestAssuredObject" time="1.356"/>
  <testcase classname="testNGExamples.TestExample1" name="addURI" time="0.004"/>
  <testcase classname="testNGExamples.TestExample1" name="addAuthorization" time="0.119"/>
  <testcase classname="testNGExamples.TestExample1" name="addHeaders" time="0.016"/>
  <testcase classname="testNGExamples.TestExample1" name="sendRequest" time="2.608"/>
  <testcase classname="testNGExamples.TestExample1" name="verifyStatusCode" time="0.006"/>
  <testcase classname="testNGExamples.TestExample1" name="verifyStatusLine" time="0.002"/>
  <testcase classname="testNGExamples.TestExample1" name="verifyHeader" time="0.004"/>
  <testcase classname="testNGExamples.TestExample1" name="verifyBody" time="1.681"/>
</testsuite> <!-- testNGExamples.TestExample1 -->
