<?xml version="1.0" encoding="UTF-8"?>
<!-- Generated by org.testng.reporters.JUnitReportReporter -->
<testsuite hostname="ShareefDell" failures="0" tests="6" name="testNGExamples.TestExample2" time="6.709" errors="0" timestamp="30 Aug 2024 13:26:25 GMT" skipped="0">
  <testcase classname="testNGExamples.TestExample2" name="jiraSetUp" time="1.657"/>
  <testcase classname="testNGExamples.TestExample2" name="sendRequest2" time="2.858"/>
  <testcase classname="testNGExamples.TestExample2" name="verifyStatusCode2" time="0.007"/>
  <testcase classname="testNGExamples.TestExample2" name="verifyStatusLine2" time="0.003"/>
  <testcase classname="testNGExamples.TestExample2" name="verifyHeader2" time="0.004"/>
  <testcase classname="testNGExamples.TestExample2" name="verifyBody2" time="2.180"/>
</testsuite> <!-- testNGExamples.TestExample2 -->
