<?xml version="1.0" encoding="UTF-8"?>
<!-- Generated by org.testng.reporters.JUnitReportReporter -->
<testsuite hostname="ShareefDell" failures="0" tests="1" name="practice.Basic_Auth_Example1" time="2.868" errors="0" timestamp="30 Aug 2024 13:51:45 GMT" skipped="0">
  <testcase classname="practice.Basic_Auth_Example1" name="basicAuth" time="2.868"/>
</testsuite> <!-- practice.Basic_Auth_Example1 -->
