<?xml version="1.0" encoding="UTF-8"?>
<!-- Generated by org.testng.reporters.JUnitReportReporter -->
<testsuite hostname="ShareefDell" failures="0" tests="1" name="practice.Bearer_Auth_Example4" time="1.028" errors="0" timestamp="30 Aug 2024 13:56:58 GMT" skipped="0">
  <testcase classname="practice.Bearer_Auth_Example4" name="bearerToken2" time="1.028"/>
</testsuite> <!-- practice.Bearer_Auth_Example4 -->
