<?xml version="1.0" encoding="UTF-8"?>
<!-- Generated by org.testng.reporters.JUnitReportReporter -->
<testsuite hostname="ShareefDell" failures="0" tests="6" name="testNGExamples.TestExample2" time="6.332" errors="0" timestamp="30 Aug 2024 13:27:18 GMT" skipped="0">
  <testcase classname="testNGExamples.TestExample2" name="jiraSetUp" time="1.689"/>
  <testcase classname="testNGExamples.TestExample2" name="sendRequest2" time="2.649"/>
  <testcase classname="testNGExamples.TestExample2" name="verifyStatusCode2" time="0.005"/>
  <testcase classname="testNGExamples.TestExample2" name="verifyStatusLine2" time="0.001"/>
  <testcase classname="testNGExamples.TestExample2" name="verifyHeader2" time="0.001"/>
  <testcase classname="testNGExamples.TestExample2" name="verifyBody2" time="1.987"/>
</testsuite> <!-- testNGExamples.TestExample2 -->
