<?xml version="1.0" encoding="UTF-8"?>
<!-- Generated by org.testng.reporters.JUnitReportReporter -->
<testsuite hostname="ShareefDell" failures="0" tests="1" name="testNGExamples.TestExample1" time="1.341" errors="0" timestamp="30 Aug 2024 13:20:50 GMT" skipped="0">
  <testcase classname="testNGExamples.TestExample1" name="createRestAssuredObject" time="1.341"/>
</testsuite> <!-- testNGExamples.TestExample1 -->
